<?xml version="1.0" encoding="UTF-8"?>
<!-- Generated by org.testng.reporters.JUnitXMLReporter -->
<testsuite hostname="LAPTOP-K0J8AMF0" name="Test" tests="4" failures="0" timestamp="24 Jun 2019 07:52:00 GMT" time="0.031" errors="0">
  <testcase name="seltest" time="0.0" classname="qaclickacademy.com.seleniumTest"/>
  <testcase name="seltwo" time="0.0" classname="qaclickacademy.com.seleniumTest"/>
  <testcase name="restapione" time="0.0" classname="qaclickacademy.com.restapiTest"/>
  <testcase name="restapitwo" time="0.0" classname="qaclickacademy.com.restapiTest"/>
</testsuite> <!-- Test -->
